<?xml version="1.0" encoding="utf-8"?><testsuites name="pytest tests"><testsuite name="pytest" errors="0" failures="0" skipped="0" tests="30" time="10.949" timestamp="2026-09-07T01:18:51.782801+00:00" hostname="agent-env-dbbf3336-ace0-423b-953b-2ef55fde0f0c"><testcase classname="backend.tests.backend_test" name="test_health" time="0.400" /><testcase classname="backend.tests.backend_test" name="test_initial_matter_v2_current" time="0.117" /><testcase classname="backend.tests.backend_test" name="test_initial_portfolio_no_flag" time="0.123" /><testcase classname="backend.tests.backend_test" name="test_golden_path_upload" time="0.122" /><testcase classname="backend.tests.backend_test" name="test_golden_path_verify" time="0.125" /><testcase classname="backend.tests.backend_test" name="test_golden_path_create_changeset" time="0.125" /><testcase classname="backend.tests.backend_test" name="test_golden_path_approve_changeset" time="0.246" /><testcase classname="backend.tests.backend_test" name="test_portfolio_flagged_after_approval" time="0.122" /><testcase classname="backend.tests.backend_test" name="test_margaret_beneficiary" time="0.146" /><testcase classname="backend.tests.backend_test" name="test_margaret_fiduciary" time="0.120" /><testcase classname="backend.tests.backend_test" name="test_margaret_oversight" time="0.122" /><testcase classname="backend.tests.backend_test" name="test_elicited_context" time="0.117" /><testcase classname="backend.tests.backend_test" name="test_obligation_escalate" time="0.171" /><testcase classname="backend.tests.backend_test" name="test_obligation_resolve_creates_v4" time="0.385" /><testcase classname="backend.tests.backend_test" name="test_obligation_not_found" time="0.168" /><testcase classname="backend.tests.backend_test" name="test_reset" time="0.374" /><testcase classname="backend.tests.test_iteration3" name="test_morgan_initial_v4" time="0.236" /><testcase classname="backend.tests.test_iteration3" name="test_matters_list_has_two_navigable" time="0.294" /><testcase classname="backend.tests.test_iteration3" name="test_morgan_golden_path" time="0.896" /><testcase classname="backend.tests.test_iteration3" name="test_portfolio_after_morgan_approve" time="0.796" /><testcase classname="backend.tests.test_iteration3" name="test_morgan_communication_flow" time="1.096" /><testcase classname="backend.tests.test_iteration3" name="test_harrington_regression_full" time="1.316" /><testcase classname="backend.tests.test_iteration3" name="test_margaret_morgan_fiduciary" time="0.366" /><testcase classname="backend.tests.test_iteration3" name="test_elicited_context_morgan" time="0.278" /><testcase classname="backend.tests.test_iteration5" name="test_intelligence_after_reset" time="0.237" /><testcase classname="backend.tests.test_iteration5" name="test_intelligence_after_harrington" time="0.546" /><testcase classname="backend.tests.test_iteration5" name="test_intelligence_both_active" time="0.789" /><testcase classname="backend.tests.test_iteration5" name="test_intelligence_after_comms" time="0.839" /><testcase classname="backend.tests.test_iteration5" name="test_portfolio_unchanged" time="0.143" /><testcase classname="backend.tests.test_iteration5" name="test_reset_at_end" time="0.072" /></testsuite></testsuites>