<?xml version="1.0" encoding="utf-8"?><testsuites name="pytest tests"><testsuite name="pytest" errors="0" failures="0" skipped="0" tests="8" time="3.166" timestamp="2026-09-07T00:30:08.341191+00:00" hostname="agent-env-3051524d-8e64-40dc-9cf8-cfbad11882c5"><testcase classname="backend.tests.test_iteration2" name="test_matters_list_has_both" time="0.503" /><testcase classname="backend.tests.test_iteration2" name="test_morgan_seed" time="0.155" /><testcase classname="backend.tests.test_iteration2" name="test_harrington_initial_intact" time="0.124" /><testcase classname="backend.tests.test_iteration2" name="test_portfolio_attention_includes_morgan" time="0.121" /><testcase classname="backend.tests.test_iteration2" name="test_communications_send_morgan" time="0.304" /><testcase classname="backend.tests.test_iteration2" name="test_communications_send_morgan_second_fails" time="0.151" /><testcase classname="backend.tests.test_iteration2" name="test_harrington_full_flow_via_comms" time="1.062" /><testcase classname="backend.tests.test_iteration2" name="test_reset_restores_both" time="0.638" /></testsuite></testsuites>