<?xml version="1.0" encoding="utf-8"?><testsuites name="pytest tests"><testsuite name="pytest" errors="0" failures="0" skipped="0" tests="6" time="2.572" timestamp="2026-09-07T01:18:45.486232+00:00" hostname="agent-env-dbbf3336-ace0-423b-953b-2ef55fde0f0c"><testcase classname="backend.tests.test_iteration5" name="test_intelligence_after_reset" time="0.313" /><testcase classname="backend.tests.test_iteration5" name="test_intelligence_after_harrington" time="0.435" /><testcase classname="backend.tests.test_iteration5" name="test_intelligence_both_active" time="0.739" /><testcase classname="backend.tests.test_iteration5" name="test_intelligence_after_comms" time="0.810" /><testcase classname="backend.tests.test_iteration5" name="test_portfolio_unchanged" time="0.142" /><testcase classname="backend.tests.test_iteration5" name="test_reset_at_end" time="0.072" /></testsuite></testsuites>