<?xml version="1.0" encoding="utf-8"?><testsuites name="pytest tests"><testsuite name="pytest" errors="0" failures="0" skipped="0" tests="30" time="11.326" timestamp="2026-09-12T16:24:41.810363+00:00" hostname="agent-env-dbbf3336-ace0-423b-953b-2ef55fde0f0c"><testcase classname="backend.tests.backend_test" name="test_health" time="0.464" /><testcase classname="backend.tests.backend_test" name="test_initial_matter_v2_current" time="0.170" /><testcase classname="backend.tests.backend_test" name="test_initial_portfolio_no_flag" time="0.129" /><testcase classname="backend.tests.backend_test" name="test_golden_path_upload" time="0.214" /><testcase classname="backend.tests.backend_test" name="test_golden_path_verify" time="0.142" /><testcase classname="backend.tests.backend_test" name="test_golden_path_create_changeset" time="0.136" /><testcase classname="backend.tests.backend_test" name="test_golden_path_approve_changeset" time="0.271" /><testcase classname="backend.tests.backend_test" name="test_portfolio_flagged_after_approval" time="0.121" /><testcase classname="backend.tests.backend_test" name="test_margaret_beneficiary" time="0.152" /><testcase classname="backend.tests.backend_test" name="test_margaret_fiduciary" time="0.111" /><testcase classname="backend.tests.backend_test" name="test_margaret_oversight" time="0.134" /><testcase classname="backend.tests.backend_test" name="test_elicited_context" time="0.125" /><testcase classname="backend.tests.backend_test" name="test_obligation_escalate" time="0.165" /><testcase classname="backend.tests.backend_test" name="test_obligation_resolve_creates_v4" time="0.373" /><testcase classname="backend.tests.backend_test" name="test_obligation_not_found" time="0.123" /><testcase classname="backend.tests.backend_test" name="test_reset" time="0.421" /><testcase classname="backend.tests.test_iteration3" name="test_morgan_initial_v4" time="0.271" /><testcase classname="backend.tests.test_iteration3" name="test_matters_list_has_two_navigable" time="0.245" /><testcase classname="backend.tests.test_iteration3" name="test_morgan_golden_path" time="0.989" /><testcase classname="backend.tests.test_iteration3" name="test_portfolio_after_morgan_approve" time="0.919" /><testcase classname="backend.tests.test_iteration3" name="test_morgan_communication_flow" time="1.174" /><testcase classname="backend.tests.test_iteration3" name="test_harrington_regression_full" time="1.466" /><testcase classname="backend.tests.test_iteration3" name="test_margaret_morgan_fiduciary" time="0.285" /><testcase classname="backend.tests.test_iteration3" name="test_elicited_context_morgan" time="0.306" /><testcase classname="backend.tests.test_iteration5" name="test_intelligence_after_reset" time="0.206" /><testcase classname="backend.tests.test_iteration5" name="test_intelligence_after_harrington" time="0.401" /><testcase classname="backend.tests.test_iteration5" name="test_intelligence_both_active" time="0.637" /><testcase classname="backend.tests.test_iteration5" name="test_intelligence_after_comms" time="0.722" /><testcase classname="backend.tests.test_iteration5" name="test_portfolio_unchanged" time="0.120" /><testcase classname="backend.tests.test_iteration5" name="test_reset_at_end" time="0.069" /></testsuite></testsuites>