<?xml version="1.0" encoding="utf-8"?><testsuites name="pytest tests"><testsuite name="pytest" errors="0" failures="0" skipped="0" tests="24" time="8.246" timestamp="2026-09-07T00:53:07.539991+00:00" hostname="agent-env-dbbf3336-ace0-423b-953b-2ef55fde0f0c"><testcase classname="backend.tests.backend_test" name="test_health" time="0.311" /><testcase classname="backend.tests.backend_test" name="test_initial_matter_v2_current" time="0.121" /><testcase classname="backend.tests.backend_test" name="test_initial_portfolio_no_flag" time="0.151" /><testcase classname="backend.tests.backend_test" name="test_golden_path_upload" time="0.163" /><testcase classname="backend.tests.backend_test" name="test_golden_path_verify" time="0.115" /><testcase classname="backend.tests.backend_test" name="test_golden_path_create_changeset" time="0.124" /><testcase classname="backend.tests.backend_test" name="test_golden_path_approve_changeset" time="0.251" /><testcase classname="backend.tests.backend_test" name="test_portfolio_flagged_after_approval" time="0.116" /><testcase classname="backend.tests.backend_test" name="test_margaret_beneficiary" time="0.151" /><testcase classname="backend.tests.backend_test" name="test_margaret_fiduciary" time="0.151" /><testcase classname="backend.tests.backend_test" name="test_margaret_oversight" time="0.179" /><testcase classname="backend.tests.backend_test" name="test_elicited_context" time="0.130" /><testcase classname="backend.tests.backend_test" name="test_obligation_escalate" time="0.142" /><testcase classname="backend.tests.backend_test" name="test_obligation_resolve_creates_v4" time="0.416" /><testcase classname="backend.tests.backend_test" name="test_obligation_not_found" time="0.121" /><testcase classname="backend.tests.backend_test" name="test_reset" time="0.391" /><testcase classname="backend.tests.test_iteration3" name="test_morgan_initial_v4" time="0.268" /><testcase classname="backend.tests.test_iteration3" name="test_matters_list_has_two_navigable" time="0.268" /><testcase classname="backend.tests.test_iteration3" name="test_morgan_golden_path" time="0.899" /><testcase classname="backend.tests.test_iteration3" name="test_portfolio_after_morgan_approve" time="0.781" /><testcase classname="backend.tests.test_iteration3" name="test_morgan_communication_flow" time="1.111" /><testcase classname="backend.tests.test_iteration3" name="test_harrington_regression_full" time="1.251" /><testcase classname="backend.tests.test_iteration3" name="test_margaret_morgan_fiduciary" time="0.278" /><testcase classname="backend.tests.test_iteration3" name="test_elicited_context_morgan" time="0.277" /></testsuite></testsuites>