<?xml version="1.0" encoding="utf-8"?><testsuites name="pytest tests"><testsuite name="pytest" errors="0" failures="0" skipped="0" tests="16" time="3.173" timestamp="2026-09-06T22:19:30.097412+00:00" hostname="agent-env-3051524d-8e64-40dc-9cf8-cfbad11882c5"><testcase classname="backend.tests.backend_test" name="test_health" time="0.379" /><testcase classname="backend.tests.backend_test" name="test_initial_matter_v2_current" time="0.154" /><testcase classname="backend.tests.backend_test" name="test_initial_portfolio_no_flag" time="0.120" /><testcase classname="backend.tests.backend_test" name="test_golden_path_upload" time="0.118" /><testcase classname="backend.tests.backend_test" name="test_golden_path_verify" time="0.119" /><testcase classname="backend.tests.backend_test" name="test_golden_path_create_changeset" time="0.141" /><testcase classname="backend.tests.backend_test" name="test_golden_path_approve_changeset" time="0.275" /><testcase classname="backend.tests.backend_test" name="test_portfolio_flagged_after_approval" time="0.123" /><testcase classname="backend.tests.backend_test" name="test_margaret_beneficiary" time="0.142" /><testcase classname="backend.tests.backend_test" name="test_margaret_fiduciary" time="0.171" /><testcase classname="backend.tests.backend_test" name="test_margaret_oversight" time="0.171" /><testcase classname="backend.tests.backend_test" name="test_elicited_context" time="0.117" /><testcase classname="backend.tests.backend_test" name="test_obligation_escalate" time="0.137" /><testcase classname="backend.tests.backend_test" name="test_obligation_resolve_creates_v4" time="0.383" /><testcase classname="backend.tests.backend_test" name="test_obligation_not_found" time="0.121" /><testcase classname="backend.tests.backend_test" name="test_reset" time="0.372" /></testsuite></testsuites>